[2026-03-16 18:53:57] [INFO] [ETL_Pipeline] Logger inicializado. Archivo de log: c:\Users\kmolina\Documents\DataWhereHouse\ETL\logs\ETL_2026-03-16_18-53-57.log
[2026-03-16 18:53:57] [INFO] [ETL_Pipeline] ======================================================================
[2026-03-16 18:53:57] [INFO] [ETL_Pipeline]   INICIANDO PIPELINE ETL — DataWhereHouse
[2026-03-16 18:53:57] [INFO] [ETL_Pipeline]   Fecha/Hora: 2026-03-16 18:53:57
[2026-03-16 18:53:57] [INFO] [ETL_Pipeline] ======================================================================
[2026-03-16 18:53:57] [DEBUG] [ETL_Pipeline] Directorio de datasets: c:\Users\kmolina\Documents\DataWhereHouse\Datasets
[2026-03-16 18:53:57] [DEBUG] [ETL_Pipeline] Directorio de procesados: c:\Users\kmolina\Documents\DataWhereHouse\Datasets\procesados
[2026-03-16 18:53:57] [INFO] [ETL_Pipeline] Conectando a MySQL...
[2026-03-16 18:53:57] [DEBUG] [ETL_Pipeline]   Host: 127.0.0.1:3306 | Base de datos: cine | Usuario: root
[2026-03-16 18:53:57] [DEBUG] [ETL_Pipeline]   Connection string (sin credenciales): Host=127.0.0.1:3306 | DB=cine | User=root | Password=***
[2026-03-16 18:53:57] [INFO] [ETL_Pipeline] Conexión exitosa a MySQL: [127.0.0.1:3306] → [cine]
[2026-03-16 18:53:57] [DEBUG] [ETL_Pipeline]   Detectado: dataset_limpio_50k_.xlsx
[2026-03-16 18:53:57] [DEBUG] [ETL_Pipeline]   Detectado: dataset_sucio_20k_.xlsx
[2026-03-16 18:53:57] [INFO] [ETL_Pipeline] Archivos a procesar: 2
[2026-03-16 18:53:57] [INFO] [ETL_Pipeline] Extrayendo: dataset_limpio_50k_.xlsx
[2026-03-16 18:54:05] [INFO] [ETL_Pipeline]   Extraído correctamente | Filas: 50,000 | Columnas: 21 | Tabla destino: 'dataset_limpio_50k_'
[2026-03-16 18:54:05] [DEBUG] [ETL_Pipeline]   Columnas detectadas: ['id_fact', 'titulo_pelicula', 'genero', 'clasificacion', 'duracion_minutos', 'fecha_estreno_pelicula', 'nombre_teatro', 'ciudad', 'zona', 'numero_sala', 'capacidad_sala', 'tipo_sala', 'fecha_funcion', 'ano', 'mes', 'dia_semana', 'es_fin_semana', 'trimestre', 'boletos_vendidos', 'precio_boleto_cop', 'ingreso_total_cop']
[2026-03-16 18:54:05] [INFO] [ETL_Pipeline] ------------------------------------------------------------
[2026-03-16 18:54:05] [INFO] [ETL_Pipeline]   PROCESANDO: dataset_limpio_50k_
[2026-03-16 18:54:05] [INFO] [ETL_Pipeline] ------------------------------------------------------------
[2026-03-16 18:54:05] [INFO] [ETL_Pipeline] Iniciando transformación para: 'dataset_limpio_50k_'
[2026-03-16 18:54:05] [DEBUG] [ETL_Pipeline]   Columnas normalizadas: ['id_fact', 'titulo_pelicula', 'genero', 'clasificacion', 'duracion_minutos', 'fecha_estreno_pelicula', 'nombre_teatro', 'ciudad', 'zona', 'numero_sala', 'capacidad_sala', 'tipo_sala', 'fecha_funcion', 'ano', 'mes', 'dia_semana', 'es_fin_semana', 'trimestre', 'boletos_vendidos', 'precio_boleto_cop', 'ingreso_total_cop']
[2026-03-16 18:54:05] [DEBUG] [ETL_Pipeline]   Columna 'fecha_estreno_pelicula' convertida a datetime.
[2026-03-16 18:54:06] [DEBUG] [ETL_Pipeline]   Columna 'fecha_funcion' convertida a datetime.
[2026-03-16 18:54:06] [INFO] [ETL_Pipeline]   Sin valores nulos detectados en 'dataset_limpio_50k_'.
[2026-03-16 18:54:06] [DEBUG] [ETL_Pipeline]   Columnas de auditoría agregadas (etl_fecha_carga, etl_archivo_fuente).
[2026-03-16 18:54:06] [INFO] [ETL_Pipeline] Transformación completada para 'dataset_limpio_50k_' | Filas entrada: 50,000 | Filas salida: 50,000 | Filas eliminadas: 0
[2026-03-16 18:54:06] [INFO] [ETL_Pipeline] Cargando tabla 'stg_dataset_limpio_50k_' | Filas: 50,000 | Modo: append
[2026-03-16 18:54:19] [INFO] [ETL_Pipeline] Carga exitosa → [cine].[stg_dataset_limpio_50k_] | Filas insertadas: -100 | Tiempo: 13.50s
[2026-03-16 18:54:19] [INFO] [ETL_Pipeline] Sincronizando DW desde staging: stg_dataset_limpio_50k_
[2026-03-16 18:54:20] [INFO] [ETL_Pipeline] Sincronización DW completada para staging: stg_dataset_limpio_50k_
[2026-03-16 18:54:20] [DEBUG] [ETL_Pipeline]   Movido a procesados/: dataset_limpio_50k_.xlsx
[2026-03-16 18:54:20] [INFO] [ETL_Pipeline] Extrayendo: dataset_sucio_20k_.xlsx
[2026-03-16 18:54:24] [INFO] [ETL_Pipeline]   Extraído correctamente | Filas: 20,000 | Columnas: 21 | Tabla destino: 'dataset_sucio_20k_'
[2026-03-16 18:54:24] [DEBUG] [ETL_Pipeline]   Columnas detectadas: ['id_fact', 'titulo_pelicula', 'genero', 'clasificacion', 'duracion_minutos', 'fecha_estreno_pelicula', 'nombre_teatro', 'ciudad', 'zona', 'numero_sala', 'capacidad_sala', 'tipo_sala', 'fecha_funcion', 'ano', 'mes', 'dia_semana', 'es_fin_semana', 'trimestre', 'boletos_vendidos', 'precio_boleto_cop', 'ingreso_total_cop']
[2026-03-16 18:54:24] [INFO] [ETL_Pipeline] ------------------------------------------------------------
[2026-03-16 18:54:24] [INFO] [ETL_Pipeline]   PROCESANDO: dataset_sucio_20k_
[2026-03-16 18:54:24] [INFO] [ETL_Pipeline] ------------------------------------------------------------
[2026-03-16 18:54:24] [INFO] [ETL_Pipeline] Iniciando transformación para: 'dataset_sucio_20k_'
[2026-03-16 18:54:24] [DEBUG] [ETL_Pipeline]   Columnas normalizadas: ['id_fact', 'titulo_pelicula', 'genero', 'clasificacion', 'duracion_minutos', 'fecha_estreno_pelicula', 'nombre_teatro', 'ciudad', 'zona', 'numero_sala', 'capacidad_sala', 'tipo_sala', 'fecha_funcion', 'ano', 'mes', 'dia_semana', 'es_fin_semana', 'trimestre', 'boletos_vendidos', 'precio_boleto_cop', 'ingreso_total_cop']
[2026-03-16 18:54:24] [DEBUG] [ETL_Pipeline]   Columna 'fecha_estreno_pelicula' convertida a datetime.
[2026-03-16 18:54:24] [DEBUG] [ETL_Pipeline]   Columna 'fecha_funcion' convertida a datetime.
[2026-03-16 18:54:24] [DEBUG] [ETL_Pipeline]   Columna 'precio_boleto_cop' convertida a numérico.
[2026-03-16 18:54:24] [WARNING] [ETL_Pipeline]   Reporte de nulos en 'dataset_sucio_20k_':
[2026-03-16 18:54:24] [WARNING] [ETL_Pipeline]     - id_fact: 991 nulos (5.0%)
[2026-03-16 18:54:24] [WARNING] [ETL_Pipeline]     - titulo_pelicula: 1,990 nulos (10.0%)
[2026-03-16 18:54:24] [WARNING] [ETL_Pipeline]     - genero: 1,941 nulos (9.7%)
[2026-03-16 18:54:24] [WARNING] [ETL_Pipeline]     - clasificacion: 1,941 nulos (9.7%)
[2026-03-16 18:54:24] [WARNING] [ETL_Pipeline]     - duracion_minutos: 991 nulos (5.0%)
[2026-03-16 18:54:24] [WARNING] [ETL_Pipeline]     - fecha_estreno_pelicula: 991 nulos (5.0%)
[2026-03-16 18:54:24] [WARNING] [ETL_Pipeline]     - nombre_teatro: 991 nulos (5.0%)
[2026-03-16 18:54:24] [WARNING] [ETL_Pipeline]     - ciudad: 1,938 nulos (9.7%)
[2026-03-16 18:54:24] [WARNING] [ETL_Pipeline]     - zona: 991 nulos (5.0%)
[2026-03-16 18:54:24] [WARNING] [ETL_Pipeline]     - numero_sala: 1,997 nulos (10.0%)
[2026-03-16 18:54:24] [WARNING] [ETL_Pipeline]     - capacidad_sala: 1,997 nulos (10.0%)
[2026-03-16 18:54:24] [WARNING] [ETL_Pipeline]     - tipo_sala: 991 nulos (5.0%)
[2026-03-16 18:54:24] [WARNING] [ETL_Pipeline]     - fecha_funcion: 3,055 nulos (15.3%)
[2026-03-16 18:54:24] [WARNING] [ETL_Pipeline]     - ano: 991 nulos (5.0%)
[2026-03-16 18:54:24] [WARNING] [ETL_Pipeline]     - mes: 991 nulos (5.0%)
[2026-03-16 18:54:24] [WARNING] [ETL_Pipeline]     - dia_semana: 991 nulos (5.0%)
[2026-03-16 18:54:24] [WARNING] [ETL_Pipeline]     - es_fin_semana: 991 nulos (5.0%)
[2026-03-16 18:54:24] [WARNING] [ETL_Pipeline]     - trimestre: 991 nulos (5.0%)
[2026-03-16 18:54:24] [WARNING] [ETL_Pipeline]     - boletos_vendidos: 991 nulos (5.0%)
[2026-03-16 18:54:24] [WARNING] [ETL_Pipeline]     - precio_boleto_cop: 1,924 nulos (9.6%)
[2026-03-16 18:54:24] [WARNING] [ETL_Pipeline]     - ingreso_total_cop: 2,051 nulos (10.3%)
[2026-03-16 18:54:24] [DEBUG] [ETL_Pipeline]   Columnas de auditoría agregadas (etl_fecha_carga, etl_archivo_fuente).
[2026-03-16 18:54:24] [INFO] [ETL_Pipeline] Transformación completada para 'dataset_sucio_20k_' | Filas entrada: 20,000 | Filas salida: 20,000 | Filas eliminadas: 0
[2026-03-16 18:54:24] [INFO] [ETL_Pipeline] Cargando tabla 'stg_dataset_sucio_20k_' | Filas: 20,000 | Modo: append
[2026-03-16 18:54:29] [INFO] [ETL_Pipeline] Carga exitosa → [cine].[stg_dataset_sucio_20k_] | Filas insertadas: -40 | Tiempo: 5.38s
[2026-03-16 18:54:29] [INFO] [ETL_Pipeline] Sincronizando DW desde staging: stg_dataset_sucio_20k_
[2026-03-16 18:54:30] [INFO] [ETL_Pipeline] Sincronización DW completada para staging: stg_dataset_sucio_20k_
[2026-03-16 18:54:30] [DEBUG] [ETL_Pipeline]   Movido a procesados/: dataset_sucio_20k_.xlsx
[2026-03-16 18:54:30] [INFO] [ETL_Pipeline] Conexión a MySQL cerrada correctamente.
[2026-03-16 18:54:30] [INFO] [ETL_Pipeline] ======================================================================
[2026-03-16 18:54:30] [INFO] [ETL_Pipeline]   RESUMEN FINAL — PIPELINE ETL
[2026-03-16 18:54:30] [INFO] [ETL_Pipeline] ======================================================================
[2026-03-16 18:54:30] [INFO] [ETL_Pipeline]   Archivos procesados exitosamente : 2
[2026-03-16 18:54:30] [INFO] [ETL_Pipeline]   Archivos con errores             : 0
[2026-03-16 18:54:30] [INFO] [ETL_Pipeline]   Total filas cargadas en SQL Server: -140
[2026-03-16 18:54:30] [INFO] [ETL_Pipeline]   Duración total                   : 0m 33.13s
[2026-03-16 18:54:30] [INFO] [ETL_Pipeline] ======================================================================
